SF:lib/common/common.dart
DA:8,0
DA:9,0
DA:10,0
DA:11,0
DA:12,0
DA:14,0
DA:15,0
DA:16,0
DA:17,0
DA:18,0
DA:21,0
DA:23,0
LF:12
LH:0
end_of_record
SF:lib/common/loading_indicator.dart
DA:4,0
DA:5,0
DA:6,0
LF:3
LH:0
end_of_record
SF:lib/common/exceptions.dart
DA:5,1
DA:7,1
DA:8,3
DA:13,1
DA:14,1
DA:18,0
DA:22,0
DA:26,0
LF:8
LH:5
end_of_record
SF:lib/repositories/users/user_repository.dart
DA:15,1
DA:16,0
DA:17,3
DA:20,1
DA:24,2
DA:28,2
DA:29,1
DA:30,0
DA:31,1
DA:32,1
DA:35,0
DA:37,0
DA:40,0
DA:45,0
DA:47,0
DA:54,0
DA:56,0
DA:57,0
DA:59,0
DA:62,0
DA:64,0
DA:68,0
DA:69,0
DA:70,0
DA:74,0
DA:75,0
DA:77,0
LF:27
LH:8
end_of_record
